2023-12-20 11:48:19,608 INFO o.a.j.u.JMeterUtils: Setting Locale to en_UA
2023-12-20 11:48:19,626 INFO o.a.j.JMeter: Loading user properties from: /Users/Yehor_Maksymchuk/source/MY_CODE/Ansible_Jmete/jmeter/bin/user.properties
2023-12-20 11:48:19,626 INFO o.a.j.JMeter: Loading system properties from: /Users/Yehor_Maksymchuk/source/MY_CODE/Ansible_Jmete/jmeter/bin/system.properties
2023-12-20 11:48:19,630 INFO o.a.j.JMeter: Copyright (c) 1998-2023 The Apache Software Foundation
2023-12-20 11:48:19,631 INFO o.a.j.JMeter: Version 5.6.2
2023-12-20 11:48:19,631 INFO o.a.j.JMeter: java.version=17.0.5
2023-12-20 11:48:19,631 INFO o.a.j.JMeter: java.vm.name=OpenJDK 64-Bit Server VM
2023-12-20 11:48:19,631 INFO o.a.j.JMeter: os.name=Mac OS X
2023-12-20 11:48:19,631 INFO o.a.j.JMeter: os.arch=x86_64
2023-12-20 11:48:19,631 INFO o.a.j.JMeter: os.version=14.1.1
2023-12-20 11:48:19,631 INFO o.a.j.JMeter: file.encoding=UTF-8
2023-12-20 11:48:19,631 INFO o.a.j.JMeter: java.awt.headless=true
2023-12-20 11:48:19,631 INFO o.a.j.JMeter: Max memory     =8589934592
2023-12-20 11:48:19,631 INFO o.a.j.JMeter: Available Processors =16
2023-12-20 11:48:19,636 INFO o.a.j.JMeter: Default Locale=English (Ukraine)
2023-12-20 11:48:19,636 INFO o.a.j.JMeter: JMeter  Locale=English (Ukraine)
2023-12-20 11:48:19,636 INFO o.a.j.JMeter: JMeterHome=/Users/Yehor_Maksymchuk/source/MY_CODE/Ansible_Jmete/jmeter
2023-12-20 11:48:19,636 INFO o.a.j.JMeter: user.dir  =/Users/Yehor_Maksymchuk/source/MY_CODE/Ansible_Jmete
2023-12-20 11:48:19,636 INFO o.a.j.JMeter: PWD       =/Users/Yehor_Maksymchuk/source/MY_CODE/Ansible_Jmete
2023-12-20 11:48:19,638 INFO o.a.j.JMeter: IP: 192.168.1.17 Name: EPUAKYIW0F4E FullName: epuakyiw0f4e.home
2023-12-20 11:48:19,647 INFO o.a.j.JMeter: Setting property 'jmeter.reportgenerator.outputdir' to:'/Users/Yehor_Maksymchuk/source/MY_CODE/Ansible_Jmete/./report/2023-12-20-11-48'
2023-12-20 11:48:19,649 INFO o.a.j.s.FileServer: Default base='/Users/Yehor_Maksymchuk/source/MY_CODE/Ansible_Jmete'
2023-12-20 11:48:19,650 INFO o.a.j.s.FileServer: Set new base='/Users/Yehor_Maksymchuk/source/MY_CODE/Ansible_Jmete/./tests'
2023-12-20 11:48:19,769 INFO o.a.j.s.SaveService: Testplan (JMX) version: 2.2. Testlog (JTL) version: 2.2
2023-12-20 11:48:19,789 INFO o.a.j.s.SaveService: Using SaveService properties version 5.0
2023-12-20 11:48:19,791 INFO o.a.j.s.SaveService: Using SaveService properties file encoding UTF-8
2023-12-20 11:48:19,793 INFO o.a.j.s.SaveService: Loading file: ./tests/google.jmx
2023-12-20 11:48:19,834 INFO o.a.j.p.h.s.HTTPSamplerBase: Parser for text/html is org.apache.jmeter.protocol.http.parser.LagartoBasedHtmlParser
2023-12-20 11:48:19,834 INFO o.a.j.p.h.s.HTTPSamplerBase: Parser for application/xhtml+xml is org.apache.jmeter.protocol.http.parser.LagartoBasedHtmlParser
2023-12-20 11:48:19,835 INFO o.a.j.p.h.s.HTTPSamplerBase: Parser for application/xml is org.apache.jmeter.protocol.http.parser.LagartoBasedHtmlParser
2023-12-20 11:48:19,835 INFO o.a.j.p.h.s.HTTPSamplerBase: Parser for text/xml is org.apache.jmeter.protocol.http.parser.LagartoBasedHtmlParser
2023-12-20 11:48:19,835 INFO o.a.j.p.h.s.HTTPSamplerBase: Parser for text/vnd.wap.wml is org.apache.jmeter.protocol.http.parser.RegexpHTMLParser
2023-12-20 11:48:19,835 INFO o.a.j.p.h.s.HTTPSamplerBase: Parser for text/css is org.apache.jmeter.protocol.http.parser.CssParser
2023-12-20 11:48:19,856 INFO o.a.j.JMeter: Creating summariser <summary>
2023-12-20 11:48:19,859 INFO o.a.j.r.d.ReportGenerator: ReportGenerator will use for Parsing the separator: ','
2023-12-20 11:48:19,859 INFO o.a.j.r.d.ReportGenerator: Will generate report at end of test from  results file: ./results/result-2023-12-20-11-48.jtl
2023-12-20 11:48:19,859 INFO o.a.j.r.d.ReportGenerator: Reading report generator properties from: /Users/Yehor_Maksymchuk/source/MY_CODE/Ansible_Jmete/jmeter/bin/reportgenerator.properties
2023-12-20 11:48:19,860 INFO o.a.j.r.d.ReportGenerator: Merging with JMeter properties
2023-12-20 11:48:19,864 INFO o.a.j.r.c.ReportGeneratorConfiguration: Property 'jmeter.reportgenerator.temp_dir' not found, using default value 'temp' instead.
2023-12-20 11:48:19,866 INFO o.a.j.r.c.ReportGeneratorConfiguration: Property 'jmeter.reportgenerator.apdex_per_transaction' not found, using default value 'null' instead.
2023-12-20 11:48:19,866 INFO o.a.j.r.c.ReportGeneratorConfiguration: apdex_per_transaction is empty, not APDEX per transaction customization
2023-12-20 11:48:19,866 INFO o.a.j.r.c.ReportGeneratorConfiguration: Property 'jmeter.reportgenerator.sample_filter' not found, using default value 'null' instead.
2023-12-20 11:48:19,866 INFO o.a.j.r.c.ReportGeneratorConfiguration: Property 'jmeter.reportgenerator.report_title' not found, using default value 'null' instead.
2023-12-20 11:48:19,866 INFO o.a.j.r.c.ReportGeneratorConfiguration: Property 'jmeter.reportgenerator.start_date' not found, using default value 'null' instead.
2023-12-20 11:48:19,866 INFO o.a.j.r.c.ReportGeneratorConfiguration: Property 'jmeter.reportgenerator.end_date' not found, using default value 'null' instead.
2023-12-20 11:48:19,866 INFO o.a.j.r.c.ReportGeneratorConfiguration: Property 'jmeter.reportgenerator.date_format' not found, using default value 'null' instead.
2023-12-20 11:48:19,867 INFO o.a.j.r.c.ReportGeneratorConfiguration: Will use date range start date: null, end date: null
2023-12-20 11:48:19,871 INFO o.a.j.r.c.ReportGeneratorConfiguration: Property 'jmeter.reportgenerator.graph.totalTPS.exclude_controllers' not found, using default value 'false' instead.
2023-12-20 11:48:19,872 INFO o.a.j.r.c.ReportGeneratorConfiguration: Property 'jmeter.reportgenerator.graph.activeThreadsOverTime.exclude_controllers' not found, using default value 'false' instead.
2023-12-20 11:48:19,872 INFO o.a.j.r.c.ReportGeneratorConfiguration: Property 'jmeter.reportgenerator.graph.timeVsThreads.exclude_controllers' not found, using default value 'false' instead.
2023-12-20 11:48:19,872 INFO o.a.j.r.c.ReportGeneratorConfiguration: Property 'jmeter.reportgenerator.graph.responseTimeDistribution.exclude_controllers' not found, using default value 'false' instead.
2023-12-20 11:48:19,872 INFO o.a.j.r.c.ReportGeneratorConfiguration: Property 'jmeter.reportgenerator.graph.transactionsPerSecond.exclude_controllers' not found, using default value 'false' instead.
2023-12-20 11:48:19,872 INFO o.a.j.r.c.ReportGeneratorConfiguration: Property 'jmeter.reportgenerator.graph.responseTimePercentiles.exclude_controllers' not found, using default value 'false' instead.
2023-12-20 11:48:19,872 INFO o.a.j.r.c.ReportGeneratorConfiguration: Property 'jmeter.reportgenerator.graph.responseTimePercentilesOverTime.exclude_controllers' not found, using default value 'false' instead.
2023-12-20 11:48:19,873 INFO o.a.j.r.c.ReportGeneratorConfiguration: Property 'jmeter.reportgenerator.graph.responseTimesOverTime.exclude_controllers' not found, using default value 'false' instead.
2023-12-20 11:48:19,873 INFO o.a.j.r.c.ReportGeneratorConfiguration: Property 'jmeter.reportgenerator.graph.connectTimeOverTime.exclude_controllers' not found, using default value 'false' instead.
2023-12-20 11:48:19,873 INFO o.a.j.r.c.ReportGeneratorConfiguration: Property 'jmeter.reportgenerator.graph.latenciesOverTime.exclude_controllers' not found, using default value 'false' instead.
2023-12-20 11:48:19,873 INFO o.a.j.r.c.ReportGeneratorConfiguration: Property 'jmeter.reportgenerator.exporter.json.filters_only_sample_series' not found, using default value 'true' instead.
2023-12-20 11:48:19,874 INFO o.a.j.r.c.ReportGeneratorConfiguration: Property 'jmeter.reportgenerator.exporter.json.series_filter' not found, using default value '' instead.
2023-12-20 11:48:19,874 INFO o.a.j.r.c.ReportGeneratorConfiguration: Property 'jmeter.reportgenerator.exporter.json.show_controllers_only' not found, using default value 'false' instead.
2023-12-20 11:48:19,874 INFO o.a.j.r.c.ReportGeneratorConfiguration: Property 'jmeter.reportgenerator.exporter.html.filters_only_sample_series' not found, using default value 'true' instead.
2023-12-20 11:48:19,874 INFO o.a.j.r.c.ReportGeneratorConfiguration: Property 'jmeter.reportgenerator.exporter.html.series_filter' not found, using default value '' instead.
2023-12-20 11:48:19,874 INFO o.a.j.r.c.ReportGeneratorConfiguration: Property 'jmeter.reportgenerator.exporter.html.show_controllers_only' not found, using default value 'false' instead.
2023-12-20 11:48:19,887 INFO o.a.j.e.StandardJMeterEngine: Running the test!
2023-12-20 11:48:19,887 INFO o.a.j.s.SampleEvent: List of sample_variables: []
2023-12-20 11:48:19,887 INFO o.a.j.s.SampleEvent: List of sample_variables: []
2023-12-20 11:48:19,891 INFO o.a.j.e.u.CompoundVariable: Note: Function class names must contain the string: '.functions.'
2023-12-20 11:48:19,891 INFO o.a.j.e.u.CompoundVariable: Note: Function class names must not contain the string: '.gui.'
2023-12-20 11:48:19,952 INFO o.a.j.r.ResultCollector: Folder at /Users/Yehor_Maksymchuk/source/MY_CODE/Ansible_Jmete/results was created
2023-12-20 11:48:19,962 INFO o.a.j.JMeter: Running test (1703069299962)
2023-12-20 11:48:19,982 INFO o.a.j.e.StandardJMeterEngine: Starting ThreadGroup: 1 : Thread Group
2023-12-20 11:48:19,982 INFO o.a.j.e.StandardJMeterEngine: Starting 5 threads for group Thread Group.
2023-12-20 11:48:19,982 INFO o.a.j.e.StandardJMeterEngine: Thread will continue on error
2023-12-20 11:48:19,982 INFO o.a.j.t.ThreadGroup: Starting thread group... number=1 threads=5 ramp-up=1 delayedStart=false
2023-12-20 11:48:19,987 INFO o.a.j.t.ThreadGroup: Started thread group number 1
2023-12-20 11:48:19,987 INFO o.a.j.e.StandardJMeterEngine: All thread groups have been started
2023-12-20 11:48:20,018 INFO o.a.j.t.JMeterThread: Thread started: Thread Group 1-1
2023-12-20 11:48:20,019 INFO o.a.j.s.FileServer: Stored: /Users/Yehor_Maksymchuk/source/MY_CODE/Ansible_Jmete/data/queries.csv
2023-12-20 11:48:20,044 INFO o.a.j.p.h.s.HTTPHCAbstractImpl: Local host = EPUAKYIW0F4E
2023-12-20 11:48:20,051 INFO o.a.j.p.h.s.HTTPHC4Impl: HTTP request retry count = 0
2023-12-20 11:48:20,052 INFO o.a.j.s.SampleResult: Note: Sample TimeStamps are START times
2023-12-20 11:48:20,052 INFO o.a.j.s.SampleResult: sampleresult.default.encoding is set to UTF-8
2023-12-20 11:48:20,053 INFO o.a.j.s.SampleResult: sampleresult.useNanoTime=true
2023-12-20 11:48:20,053 INFO o.a.j.s.SampleResult: sampleresult.nanoThreadSleep=5000
2023-12-20 11:48:20,217 INFO o.a.j.t.JMeterThread: Thread started: Thread Group 1-2
2023-12-20 11:48:20,248 INFO o.a.j.p.h.s.h.LazyLayeredConnectionSocketFactory: Setting up HTTPS TrustAll Socket Factory
2023-12-20 11:48:20,253 INFO o.a.j.u.JsseSSLManager: Using default SSL protocol: TLS
2023-12-20 11:48:20,253 INFO o.a.j.u.JsseSSLManager: SSL session context: per-thread
2023-12-20 11:48:20,311 INFO o.a.j.u.SSLManager: JmeterKeyStore Location:  type JKS
2023-12-20 11:48:20,313 INFO o.a.j.u.SSLManager: KeyStore created OK
2023-12-20 11:48:20,313 WARN o.a.j.u.SSLManager: Keystore file not found, loading empty keystore
2023-12-20 11:48:20,417 INFO o.a.j.t.JMeterThread: Thread started: Thread Group 1-3
2023-12-20 11:48:20,618 INFO o.a.j.t.JMeterThread: Thread started: Thread Group 1-4
2023-12-20 11:48:20,814 INFO o.a.j.t.JMeterThread: Thread started: Thread Group 1-5
2023-12-20 11:48:21,038 INFO o.a.j.t.JMeterThread: Thread is done: Thread Group 1-2
2023-12-20 11:48:21,038 INFO o.a.j.t.JMeterThread: Thread finished: Thread Group 1-2
2023-12-20 11:48:21,105 INFO o.a.j.t.JMeterThread: Thread is done: Thread Group 1-3
2023-12-20 11:48:21,105 INFO o.a.j.t.JMeterThread: Thread finished: Thread Group 1-3
2023-12-20 11:48:21,108 INFO o.a.j.t.JMeterThread: Thread is done: Thread Group 1-1
2023-12-20 11:48:21,108 INFO o.a.j.t.JMeterThread: Thread finished: Thread Group 1-1
2023-12-20 11:48:21,209 INFO o.a.j.t.JMeterThread: Thread is done: Thread Group 1-4
2023-12-20 11:48:21,210 INFO o.a.j.t.JMeterThread: Thread finished: Thread Group 1-4
2023-12-20 11:48:21,490 INFO o.a.j.t.JMeterThread: Thread is done: Thread Group 1-5
2023-12-20 11:48:21,490 INFO o.a.j.t.JMeterThread: Thread finished: Thread Group 1-5
2023-12-20 11:48:21,491 INFO o.a.j.e.StandardJMeterEngine: Notifying test listeners of end of test
2023-12-20 11:48:21,491 INFO o.a.j.s.FileServer: Close: /Users/Yehor_Maksymchuk/source/MY_CODE/Ansible_Jmete/data/queries.csv
2023-12-20 11:48:21,493 INFO o.a.j.r.Summariser: summary =      5 in 00:00:02 =    3.3/s Avg:   752 Min:   590 Max:   999 Err:     0 (0.00%)
2023-12-20 11:48:21,493 INFO o.a.j.JMeter: Generating Dashboard
2023-12-20 11:48:21,493 INFO o.a.j.r.d.ReportGenerator: Flushing result collector before report Generation
2023-12-20 11:48:21,503 INFO o.a.j.r.p.NormalizerSampleConsumer: Using format, 'ms', to parse timeStamp field
2023-12-20 11:48:21,558 INFO o.a.j.r.p.AbstractSampleConsumer: class org.apache.jmeter.report.processor.AggregateConsumer#stopProducing(): beginDate produced 0 samples
2023-12-20 11:48:21,558 INFO o.a.j.r.p.AbstractSampleConsumer: class org.apache.jmeter.report.processor.AggregateConsumer#stopProducing(): endDate produced 0 samples
2023-12-20 11:48:21,560 INFO o.a.j.r.p.AbstractSampleConsumer: class org.apache.jmeter.report.processor.ApdexSummaryConsumer#stopProducing(): apdexSummary produced 0 samples
2023-12-20 11:48:21,560 INFO o.a.j.r.p.AbstractSampleConsumer: class org.apache.jmeter.report.processor.RequestsSummaryConsumer#stopProducing(): requestsSummary produced 0 samples
2023-12-20 11:48:21,570 INFO o.a.j.r.p.AbstractSampleConsumer: class org.apache.jmeter.report.processor.StatisticsSummaryConsumer#stopProducing(): statisticsSummary produced 0 samples
2023-12-20 11:48:21,572 INFO o.a.j.r.p.AbstractSampleConsumer: class org.apache.jmeter.report.processor.Top5ErrorsBySamplerConsumer#stopProducing(): top5ErrorsBySampler produced 0 samples
2023-12-20 11:48:21,572 INFO o.a.j.r.p.AbstractSampleConsumer: class org.apache.jmeter.report.processor.ErrorsSummaryConsumer#stopProducing(): errorsSummary produced 0 samples
2023-12-20 11:48:21,572 INFO o.a.j.r.p.AbstractSampleConsumer: class org.apache.jmeter.report.processor.graph.impl.HitsPerSecondGraphConsumer#stopProducing(): hitsPerSecond produced 0 samples
2023-12-20 11:48:21,583 INFO o.a.j.r.p.AbstractSampleConsumer: class org.apache.jmeter.report.processor.graph.impl.LatencyVSRequestGraphConsumer#stopProducing(): latencyVsRequest produced 0 samples
2023-12-20 11:48:21,583 INFO o.a.j.r.p.AbstractSampleConsumer: class org.apache.jmeter.report.processor.graph.impl.SyntheticResponseTimeDistributionGraphConsumer#stopProducing(): syntheticResponseTimeDistribution produced 0 samples
2023-12-20 11:48:21,584 INFO o.a.j.r.p.AbstractSampleConsumer: class org.apache.jmeter.report.processor.graph.impl.BytesThroughputGraphConsumer#stopProducing(): bytesThroughputOverTime produced 0 samples
2023-12-20 11:48:21,584 INFO o.a.j.r.p.AbstractSampleConsumer: class org.apache.jmeter.report.processor.graph.impl.CodesPerSecondGraphConsumer#stopProducing(): codesPerSecond produced 0 samples
2023-12-20 11:48:21,586 INFO o.a.j.r.p.AbstractSampleConsumer: class org.apache.jmeter.report.processor.graph.impl.ResponseTimeVSRequestGraphConsumer#stopProducing(): responseTimeVsRequest produced 0 samples
2023-12-20 11:48:21,587 INFO o.a.j.r.p.AbstractSampleConsumer: class org.apache.jmeter.report.processor.FilterConsumer#stopProducing(): startIntervalControlerFilter produced 105 samples
2023-12-20 11:48:21,587 INFO o.a.j.r.p.AbstractSampleConsumer: class org.apache.jmeter.report.processor.graph.impl.TotalTPSGraphConsumer#stopProducing(): totalTPS produced 0 samples
2023-12-20 11:48:21,587 INFO o.a.j.r.p.AbstractSampleConsumer: class org.apache.jmeter.report.processor.graph.impl.ActiveThreadsGraphConsumer#stopProducing(): activeThreadsOverTime produced 0 samples
2023-12-20 11:48:21,587 INFO o.a.j.r.p.AbstractSampleConsumer: class org.apache.jmeter.report.processor.graph.impl.TimeVSThreadGraphConsumer#stopProducing(): timeVsThreads produced 0 samples
2023-12-20 11:48:21,587 INFO o.a.j.r.p.AbstractSampleConsumer: class org.apache.jmeter.report.processor.graph.impl.ResponseTimeDistributionGraphConsumer#stopProducing(): responseTimeDistribution produced 0 samples
2023-12-20 11:48:21,587 INFO o.a.j.r.p.AbstractSampleConsumer: class org.apache.jmeter.report.processor.graph.impl.TransactionsPerSecondGraphConsumer#stopProducing(): transactionsPerSecond produced 0 samples
2023-12-20 11:48:21,587 INFO o.a.j.r.p.AbstractSampleConsumer: class org.apache.jmeter.report.processor.graph.impl.ResponseTimePercentilesGraphConsumer#stopProducing(): responseTimePercentiles produced 0 samples
2023-12-20 11:48:21,588 INFO o.a.j.r.p.AbstractSampleConsumer: class org.apache.jmeter.report.processor.graph.impl.ResponseTimePercentilesOverTimeGraphConsumer#stopProducing(): responseTimePercentilesOverTime produced 0 samples
2023-12-20 11:48:21,589 INFO o.a.j.r.p.AbstractSampleConsumer: class org.apache.jmeter.report.processor.graph.impl.ResponseTimeOverTimeGraphConsumer#stopProducing(): responseTimesOverTime produced 0 samples
2023-12-20 11:48:21,589 INFO o.a.j.r.p.AbstractSampleConsumer: class org.apache.jmeter.report.processor.graph.impl.ConnectTimeOverTimeGraphConsumer#stopProducing(): connectTimeOverTime produced 0 samples
2023-12-20 11:48:21,589 INFO o.a.j.r.p.AbstractSampleConsumer: class org.apache.jmeter.report.processor.graph.impl.LatencyOverTimeGraphConsumer#stopProducing(): latenciesOverTime produced 0 samples
2023-12-20 11:48:21,589 INFO o.a.j.r.p.AbstractSampleConsumer: class org.apache.jmeter.report.processor.FilterConsumer#stopProducing(): nameFilter produced 225 samples
2023-12-20 11:48:21,589 INFO o.a.j.r.p.AbstractSampleConsumer: class org.apache.jmeter.report.processor.FilterConsumer#stopProducing(): dateRangeFilter produced 45 samples
2023-12-20 11:48:21,589 INFO o.a.j.r.p.AbstractSampleConsumer: class org.apache.jmeter.report.processor.NormalizerSampleConsumer#stopProducing(): normalizer produced 15 samples
2023-12-20 11:48:21,589 INFO o.a.j.r.p.CsvFileSampleSource: produce(): 15 samples produced in 65ms on channel 0
2023-12-20 11:48:21,589 INFO o.a.j.r.d.ReportGenerator: Exporting data using exporter:'json' of className:'org.apache.jmeter.report.dashboard.JsonExporter'
2023-12-20 11:48:21,701 INFO o.a.j.r.d.JsonExporter: Found data for consumer statisticsSummary in context
2023-12-20 11:48:21,701 INFO o.a.j.r.d.JsonExporter: Creating statistics for overall
2023-12-20 11:48:21,702 INFO o.a.j.r.d.JsonExporter: Creating statistics for other transactions
2023-12-20 11:48:21,702 INFO o.a.j.r.d.JsonExporter: Checking output folder
2023-12-20 11:48:21,702 INFO o.a.j.r.d.JsonExporter: Writing statistics JSON to /Users/Yehor_Maksymchuk/source/MY_CODE/Ansible_Jmete/./report/2023-12-20-11-48/statistics.json
2023-12-20 11:48:21,742 INFO o.a.j.r.d.ReportGenerator: Exporting data using exporter:'html' of className:'org.apache.jmeter.report.dashboard.HtmlTemplateExporter'
2023-12-20 11:48:21,744 INFO o.a.j.r.d.HtmlTemplateExporter: Will generate dashboard in folder: /Users/Yehor_Maksymchuk/source/MY_CODE/Ansible_Jmete/./report/2023-12-20-11-48
2023-12-20 11:48:21,836 INFO o.a.j.r.d.HtmlTemplateExporter: Report will be generated in: /Users/Yehor_Maksymchuk/source/MY_CODE/Ansible_Jmete/./report/2023-12-20-11-48, creating folder structure
2023-12-20 11:48:21,838 INFO o.a.j.r.d.TemplateVisitor: Copying folder from '/Users/Yehor_Maksymchuk/source/MY_CODE/Ansible_Jmete/jmeter/bin/report-template' to '/Users/Yehor_Maksymchuk/source/MY_CODE/Ansible_Jmete/./report/2023-12-20-11-48', got message: /Users/Yehor_Maksymchuk/source/MY_CODE/Ansible_Jmete/./report/2023-12-20-11-48, found non empty folder with following content [/Users/Yehor_Maksymchuk/source/MY_CODE/Ansible_Jmete/./report/2023-12-20-11-48/statistics.json], will be ignored
2023-12-20 11:48:22,130 INFO o.a.j.JMeter: Dashboard generated
